<?xml version="1.0" encoding="UTF-8"?>
<testng-results ignored="0" total="1" passed="1" failed="0" skipped="0">
  <reporter-output>
  </reporter-output>
  <suite started-at="2020-09-19T01:45:06Z" name="Default suite" finished-at="2020-09-19T01:45:15Z" duration-ms="8342">
    <groups>
    </groups>
    <test started-at="2020-09-19T01:45:06Z" name="Default test" finished-at="2020-09-19T01:45:15Z" duration-ms="8342">
      <class name="com.osa.test.SmokeTest">
        <test-method signature="Osa()[pri:0, instance:com.osa.test.SmokeTest@75c072cb]" started-at="2020-09-19T01:45:06Z" name="Osa" finished-at="2020-09-19T01:45:15Z" duration-ms="8311" status="PASS">
          <reporter-output>
          </reporter-output>
        </test-method> <!-- Osa -->
      </class> <!-- com.osa.test.SmokeTest -->
    </test> <!-- Default test -->
  </suite> <!-- Default suite -->
</testng-results>
